生成启动时间为 2017/5/12 23:57:15。
     1>项目“E:\vsWorkSpace\MFC\StuManager\StuManager\StuManager.vcxproj”在节点 2 上(Build 个目标)。
     1>ClCompile:
         E:\vs2013\VC\bin\CL.exe /c /ZI /nologo /W3 /WX- /Od /Oy- /D WIN32 /D _WINDOWS /D _DEBUG /D _UNICODE /D UNICODE /D _AFXDLL /Gm /EHsc /RTC1 /MDd /GS /fp:precise /Zc:wchar_t /Zc:forScope /Yu"stdafx.h" /Fp"Debug\StuManager.pch" /Fo"Debug\\" /Fd"Debug\vc120.pdb" /Gd /TP /analyze- /errorReport:prompt StuManager.cpp StuManagerDlg.cpp
         StuManager.cpp
         正在生成代码...
         正在编译...
         StuManagerDlg.cpp
         正在生成代码...
       ResourceCompile:
         C:\Program Files (x86)\Windows Kits\8.1\bin\x86\rc.exe /D _DEBUG /D _UNICODE /D UNICODE /D _AFXDLL /l"0x0804" /IDebug\ /nologo /fo"Debug\StuManager.res" StuManager.rc 
       Link:
         E:\vs2013\VC\bin\link.exe /ERRORREPORT:PROMPT /OUT:"E:\vsWorkSpace\MFC\StuManager\Debug\StuManager.exe" /INCREMENTAL /NOLOGO /MANIFEST /MANIFESTUAC:"level='asInvoker' uiAccess='false'" /manifest:embed /manifestinput:E:\vs2013\VC\Include\Manifest\dpiaware.manifest /DEBUG /PDB:"E:\vsWorkSpace\MFC\StuManager\Debug\StuManager.pdb" /SUBSYSTEM:WINDOWS /TLBID:1 /ENTRY:"wWinMainCRTStartup" /DYNAMICBASE /NXCOMPAT /IMPLIB:"E:\vsWorkSpace\MFC\StuManager\Debug\StuManager.lib" /MACHINE:X86 Debug\StuManager.res
         Debug\stdafx.obj
         Debug\StuManager.obj
         Debug\StuManagerDlg.obj
         StuManager.vcxproj -> E:\vsWorkSpace\MFC\StuManager\Debug\StuManager.exe
     1>已完成生成项目“E:\vsWorkSpace\MFC\StuManager\StuManager\StuManager.vcxproj”(Build 个目标)的操作。

生成成功。

已用时间 00:00:04.53
